<?xml version="1.0" encoding="utf-8"?>
<TestRun id="965dc42f-70d9-4a59-8fc4-d38f1caa7410" name="@utilitydelta-MS-7E59 2026-07-27 21:09:27" xmlns="http://microsoft.com/schemas/VisualStudio/TeamTest/2010">
  <Times creation="2026-07-27T21:09:27.4009712+10:00" queuing="2026-07-27T21:09:27.4009713+10:00" start="2026-07-27T21:09:27.1026600+10:00" finish="2026-07-27T21:09:27.4042096+10:00" />
  <TestSettings name="default" id="b291ff55-b78d-429e-b6d1-5c9e61676cf6">
    <Deployment runDeploymentRoot="_utilitydelta-MS-7E59_2026-07-27_21_09_27" />
  </TestSettings>
  <Results>
    <UnitTestResult executionId="377135b2-ba28-400c-9427-e9906731b066" testId="12bb9e4c-b488-851e-9a53-92522c34650c" testName="ValidateTimeZone_ValidTimeZone_DoesNotThrow" computerName="utilitydelta-MS-7E59" duration="00:00:00.0160655" startTime="2026-07-27T21:09:27.3113065+10:00" endTime="2026-07-27T21:09:27.3377711+10:00" testType="13cdc9d9-ddb5-4fa4-a97d-d965ccfc6d4b" outcome="Failed" testListId="8c84fa94-04c1-424b-9868-57a2d4851a1d" relativeResultsDirectory="377135b2-ba28-400c-9427-e9906731b066">
      <Output>
        <ErrorInfo>
          <Message>Test method Contoso.DataModel.Tests.SiteValidationTests.ValidateTimeZone_ValidTimeZone_DoesNotThrow threw exception:&#xD;
System.ArgumentException: Invalid timezone ID: Eastern Standard Time</Message>
          <StackTrace>   at Contoso.DataModel.Service.SiteValidation.ValidateTimeZone(String timezone) in /home/utilitydelta/work/contoso/data-processing/dotnet/Contoso.DataModel/SiteValidation.cs:line 30
   at Contoso.DataModel.Tests.SiteValidationTests.ValidateTimeZone_ValidTimeZone_DoesNotThrow() in /home/utilitydelta/work/contoso/data-processing/dotnet/Contoso.ProcessingLogic.Tests/TestSiteValidation.cs:line 45
   at System.Reflection.MethodBaseInvoker.InterpretedInvoke_Method(Object obj, IntPtr* args)
   at System.Reflection.MethodBaseInvoker.InvokeWithNoArgs(Object obj, BindingFlags invokeAttr)
</StackTrace>
        </ErrorInfo>
      </Output>
    </UnitTestResult>
  </Results>
  <TestDefinitions>
    <UnitTest name="ValidateTimeZone_ValidTimeZone_DoesNotThrow" storage="/home/utilitydelta/work/contoso/data-processing/dotnet/contoso.processinglogic.tests/bin/debug/net9.0/contoso.processinglogic.tests.dll" id="12bb9e4c-b488-851e-9a53-92522c34650c">
      <Execution id="377135b2-ba28-400c-9427-e9906731b066" />
      <TestMethod codeBase="/home/utilitydelta/work/contoso/data-processing/dotnet/Contoso.ProcessingLogic.Tests/bin/Debug/net9.0/Contoso.ProcessingLogic.Tests.dll" adapterTypeName="executor://mstestadapter/v4" className="Contoso.DataModel.Tests.SiteValidationTests" name="ValidateTimeZone_ValidTimeZone_DoesNotThrow" />
    </UnitTest>
  </TestDefinitions>
  <TestEntries>
    <TestEntry testId="12bb9e4c-b488-851e-9a53-92522c34650c" executionId="377135b2-ba28-400c-9427-e9906731b066" testListId="8c84fa94-04c1-424b-9868-57a2d4851a1d" />
  </TestEntries>
  <TestLists>
    <TestList name="Results Not in a List" id="8c84fa94-04c1-424b-9868-57a2d4851a1d" />
    <TestList name="All Loaded Results" id="19431567-8539-422a-85d7-44ee4e166bda" />
  </TestLists>
  <ResultSummary outcome="Failed">
    <Counters total="1" executed="1" passed="0" failed="1" error="0" timeout="0" aborted="0" inconclusive="0" passedButRunAborted="0" notRunnable="0" notExecuted="0" disconnected="0" warning="0" completed="0" inProgress="0" pending="0" />
  </ResultSummary>
</TestRun>