<?xml version="1.0" encoding="utf-8"?>
<TestRun id="2154d121-f97f-46e2-8c90-c241a9d0fc16" name="@utilitydelta-MS-7E59 2026-07-27 20:47:16" xmlns="http://microsoft.com/schemas/VisualStudio/TeamTest/2010">
  <Times creation="2026-07-27T20:47:16.6561894+10:00" queuing="2026-07-27T20:47:16.6561894+10:00" start="2026-07-27T20:47:16.4055210+10:00" finish="2026-07-27T20:47:16.6564294+10:00" />
  <TestSettings name="default" id="baea34dd-94a1-4060-9f74-4325811b60f4">
    <Deployment runDeploymentRoot="_utilitydelta-MS-7E59_2026-07-27_20_47_16" />
  </TestSettings>
  <TestLists>
    <TestList name="Results Not in a List" id="8c84fa94-04c1-424b-9868-57a2d4851a1d" />
    <TestList name="All Loaded Results" id="19431567-8539-422a-85d7-44ee4e166bda" />
  </TestLists>
  <ResultSummary outcome="Completed">
    <Counters total="0" executed="0" passed="0" failed="0" error="0" timeout="0" aborted="0" inconclusive="0" passedButRunAborted="0" notRunnable="0" notExecuted="0" disconnected="0" warning="0" completed="0" inProgress="0" pending="0" />
    <RunInfos>
      <RunInfo computerName="utilitydelta-MS-7E59" outcome="Warning" timestamp="2026-07-27T20:47:16.6226740+10:00">
        <Text>No test matches the given testcase filter `FullyQualifiedName~ZZZNoSuchTestName` in /home/utilitydelta/work/contoso/data-processing/dotnet/Contoso.ProcessingLogic.Tests/bin/Debug/net9.0/Contoso.ProcessingLogic.Tests.dll</Text>
      </RunInfo>
    </RunInfos>
  </ResultSummary>
</TestRun>