<?xml version="1.0" encoding="utf-8"?>
<TestRun id="11cba0e3-559d-4be7-8eb4-37f0828f1f20" name="@utilitydelta-MS-7E59 2026-07-27 20:46:55" xmlns="http://microsoft.com/schemas/VisualStudio/TeamTest/2010">
  <Times creation="2026-07-27T20:46:55.0344334+10:00" queuing="2026-07-27T20:46:55.0344335+10:00" start="2026-07-27T20:46:54.9739485+10:00" finish="2026-07-27T20:46:55.0346338+10:00" />
  <TestSettings name="default" id="79611fd9-e254-482a-b21d-51ceca08df35">
    <Deployment runDeploymentRoot="_utilitydelta-MS-7E59_2026-07-27_20_46_55" />
  </TestSettings>
  <TestLists>
    <TestList name="Results Not in a List" id="8c84fa94-04c1-424b-9868-57a2d4851a1d" />
    <TestList name="All Loaded Results" id="19431567-8539-422a-85d7-44ee4e166bda" />
  </TestLists>
  <ResultSummary outcome="Failed">
    <Counters total="0" executed="0" passed="0" failed="0" error="0" timeout="0" aborted="0" inconclusive="0" passedButRunAborted="0" notRunnable="0" notExecuted="0" disconnected="0" warning="0" completed="0" inProgress="0" pending="0" />
    <Output>
      <StdOut>You must install or update .NET to run this application.
App: /home/utilitydelta/work/contoso/data-processing/dotnet/Contoso.ProcessingLogic.Tests/bin/Debug/net9.0/testhost.dll
Architecture: x64
Framework: 'Microsoft.NETCore.App', version '9.0.0' (x64)
.NET location: /usr/lib/dotnet/
The following frameworks were found:
  8.0.29 at [/usr/lib/dotnet/shared/Microsoft.NETCore.App]
  10.0.10 at [/usr/lib/dotnet/shared/Microsoft.NETCore.App]
Learn more:
https://aka.ms/dotnet/app-launch-failed
To install missing framework, download:
https://aka.ms/dotnet-core-applaunch?framework=Microsoft.NETCore.App&amp;framework_version=9.0.0&amp;arch=x64&amp;rid=ubuntu.24.04-x64&amp;os=ubuntu.24.04
</StdOut>
    </Output>
    <RunInfos>
      <RunInfo computerName="utilitydelta-MS-7E59" outcome="Error" timestamp="2026-07-27T20:46:55.0143062+10:00">
        <Text>Testhost process for source(s) '/home/utilitydelta/work/contoso/data-processing/dotnet/Contoso.ProcessingLogic.Tests/bin/Debug/net9.0/Contoso.ProcessingLogic.Tests.dll' exited with error: You must install or update .NET to run this application.
App: /home/utilitydelta/work/contoso/data-processing/dotnet/Contoso.ProcessingLogic.Tests/bin/Debug/net9.0/testhost.dll
Architecture: x64
Framework: 'Microsoft.NETCore.App', version '9.0.0' (x64)
.NET location: /usr/lib/dotnet/
The following frameworks were found:
  8.0.29 at [/usr/lib/dotnet/shared/Microsoft.NETCore.App]
  10.0.10 at [/usr/lib/dotnet/shared/Microsoft.NETCore.App]
Learn more:
https://aka.ms/dotnet/app-launch-failed
To install missing framework, download:
https://aka.ms/dotnet-core-applaunch?framework=Microsoft.NETCore.App&amp;framework_version=9.0.0&amp;arch=x64&amp;rid=ubuntu.24.04-x64&amp;os=ubuntu.24.04
. Please check the diagnostic logs for more information.</Text>
      </RunInfo>
    </RunInfos>
  </ResultSummary>
</TestRun>