<?xml version="1.0" encoding="utf-8"?>
<TestRun id="c0f21dd6-4540-47ef-834e-b3207a142b9f" name="@utilitydelta-MS-7E59 2026-07-27 21:09:26" xmlns="http://microsoft.com/schemas/VisualStudio/TeamTest/2010">
  <Times creation="2026-07-27T21:09:26.0736168+10:00" queuing="2026-07-27T21:09:26.0736169+10:00" start="2026-07-27T21:09:25.7531310+10:00" finish="2026-07-27T21:09:26.0769486+10:00" />
  <TestSettings name="default" id="4dc90408-a426-425d-94d5-28ce999f36c8">
    <Deployment runDeploymentRoot="_utilitydelta-MS-7E59_2026-07-27_21_09_26" />
  </TestSettings>
  <Results>
    <UnitTestResult executionId="6bb698d5-5369-411a-a9a5-390fa343a985" testId="101f38e6-0686-81f1-9771-2a32bc07de70" testName="LocationFactor_DoubleValue_RoundTripsThroughBuildDpmEvent" computerName="utilitydelta-MS-7E59" duration="00:00:00.0052791" startTime="2026-07-27T21:09:25.9857243+10:00" endTime="2026-07-27T21:09:26.0010850+10:00" testType="13cdc9d9-ddb5-4fa4-a97d-d965ccfc6d4b" outcome="Passed" testListId="8c84fa94-04c1-424b-9868-57a2d4851a1d" relativeResultsDirectory="6bb698d5-5369-411a-a9a5-390fa343a985" />
    <UnitTestResult executionId="2ff16b88-10ff-44fd-91be-6be9664d3bd5" testId="11389a5f-520a-819d-bed0-494bd33e8f9f" testName="LocationFactor_StickyFill_PreservesDoublePrecision" computerName="utilitydelta-MS-7E59" duration="00:00:00.0004034" startTime="2026-07-27T21:09:26.0032666+10:00" endTime="2026-07-27T21:09:26.0044239+10:00" testType="13cdc9d9-ddb5-4fa4-a97d-d965ccfc6d4b" outcome="Passed" testListId="8c84fa94-04c1-424b-9868-57a2d4851a1d" relativeResultsDirectory="2ff16b88-10ff-44fd-91be-6be9664d3bd5" />
  </Results>
  <TestDefinitions>
    <UnitTest name="LocationFactor_DoubleValue_RoundTripsThroughBuildDpmEvent" storage="/home/utilitydelta/work/contoso/data-processing/dotnet/contoso.processinglogic.tests/bin/debug/net9.0/contoso.processinglogic.tests.dll" id="101f38e6-0686-81f1-9771-2a32bc07de70">
      <Execution id="6bb698d5-5369-411a-a9a5-390fa343a985" />
      <TestMethod codeBase="/home/utilitydelta/work/contoso/data-processing/dotnet/Contoso.ProcessingLogic.Tests/bin/Debug/net9.0/Contoso.ProcessingLogic.Tests.dll" adapterTypeName="executor://mstestadapter/v4" className="Contoso.ProcessingLogic.Tests.TestPerRecordLocationFactor" name="LocationFactor_DoubleValue_RoundTripsThroughBuildDpmEvent" />
    </UnitTest>
    <UnitTest name="LocationFactor_StickyFill_PreservesDoublePrecision" storage="/home/utilitydelta/work/contoso/data-processing/dotnet/contoso.processinglogic.tests/bin/debug/net9.0/contoso.processinglogic.tests.dll" id="11389a5f-520a-819d-bed0-494bd33e8f9f">
      <Execution id="2ff16b88-10ff-44fd-91be-6be9664d3bd5" />
      <TestMethod codeBase="/home/utilitydelta/work/contoso/data-processing/dotnet/Contoso.ProcessingLogic.Tests/bin/Debug/net9.0/Contoso.ProcessingLogic.Tests.dll" adapterTypeName="executor://mstestadapter/v4" className="Contoso.ProcessingLogic.Tests.TestPerRecordLocationFactor" name="LocationFactor_StickyFill_PreservesDoublePrecision" />
    </UnitTest>
  </TestDefinitions>
  <TestEntries>
    <TestEntry testId="101f38e6-0686-81f1-9771-2a32bc07de70" executionId="6bb698d5-5369-411a-a9a5-390fa343a985" testListId="8c84fa94-04c1-424b-9868-57a2d4851a1d" />
    <TestEntry testId="11389a5f-520a-819d-bed0-494bd33e8f9f" executionId="2ff16b88-10ff-44fd-91be-6be9664d3bd5" testListId="8c84fa94-04c1-424b-9868-57a2d4851a1d" />
  </TestEntries>
  <TestLists>
    <TestList name="Results Not in a List" id="8c84fa94-04c1-424b-9868-57a2d4851a1d" />
    <TestList name="All Loaded Results" id="19431567-8539-422a-85d7-44ee4e166bda" />
  </TestLists>
  <ResultSummary outcome="Completed">
    <Counters total="2" executed="2" passed="2" failed="0" error="0" timeout="0" aborted="0" inconclusive="0" passedButRunAborted="0" notRunnable="0" notExecuted="0" disconnected="0" warning="0" completed="0" inProgress="0" pending="0" />
  </ResultSummary>
</TestRun>